abr. 05, 2025 9:18:26 PM liquibase.changelog
INFO: Reading resource: db/changelog/migrations/db.changelog-202504052036.sql
abr. 05, 2025 9:18:26 PM liquibase.changelog
INFO: Reading resource: db/changelog/migrations/db.changelog-202504052104.sql
abr. 05, 2025 9:18:26 PM liquibase.changelog
INFO: Reading resource: db/changelog/migrations/db.changelog-202504052110.sql
abr. 05, 2025 9:18:26 PM liquibase.changelog
INFO: Reading resource: db/changelog/migrations/db.changelog-202504052111.sql
abr. 05, 2025 9:18:26 PM liquibase.changelog
INFO: Creating database history table with name: kambamboard.databasechangelog
abr. 05, 2025 9:18:26 PM liquibase.changelog
INFO: Reading from kambamboard.databasechangelog
abr. 05, 2025 9:18:26 PM liquibase.lockservice
INFO: Successfully acquired change log lock
abr. 05, 2025 9:18:26 PM liquibase.command
INFO: Using deploymentId: 3898706638
abr. 05, 2025 9:18:26 PM liquibase.changelog
INFO: Reading from kambamboard.databasechangelog
Running Changeset: db/changelog/migrations/db.changelog-202504052036.sql::202504052036::gabriel
abr. 05, 2025 9:18:26 PM liquibase.changelog
INFO: Custom SQL executed
abr. 05, 2025 9:18:26 PM liquibase.changelog
INFO: ChangeSet db/changelog/migrations/db.changelog-202504052036.sql::202504052036::gabriel ran successfully in 21ms
Running Changeset: db/changelog/migrations/db.changelog-202504052104.sql::202504052036::gabriel
abr. 05, 2025 9:18:26 PM liquibase.changelog
INFO: Custom SQL executed
abr. 05, 2025 9:18:26 PM liquibase.changelog
INFO: ChangeSet db/changelog/migrations/db.changelog-202504052104.sql::202504052036::gabriel ran successfully in 24ms
Running Changeset: db/changelog/migrations/db.changelog-202504052110.sql::202504052036::gabriel
abr. 05, 2025 9:18:26 PM liquibase.changelog
INFO: Custom SQL executed
abr. 05, 2025 9:18:26 PM liquibase.changelog
INFO: ChangeSet db/changelog/migrations/db.changelog-202504052110.sql::202504052036::gabriel ran successfully in 27ms
Running Changeset: db/changelog/migrations/db.changelog-202504052111.sql::202504052036::gabriel
abr. 05, 2025 9:18:26 PM liquibase.changelog
INFO: Custom SQL executed
abr. 05, 2025 9:18:26 PM liquibase.changelog
INFO: ChangeSet db/changelog/migrations/db.changelog-202504052111.sql::202504052036::gabriel ran successfully in 28ms

UPDATE SUMMARY
Run:                          4
Previously run:               0
Filtered out:                 0
-------------------------------
Total change sets:            4

abr. 05, 2025 9:18:26 PM liquibase.util
INFO: UPDATE SUMMARY
abr. 05, 2025 9:18:26 PM liquibase.util
INFO: Run:                          4
abr. 05, 2025 9:18:26 PM liquibase.util
INFO: Previously run:               0
abr. 05, 2025 9:18:26 PM liquibase.util
INFO: Filtered out:                 0
abr. 05, 2025 9:18:26 PM liquibase.util
INFO: -------------------------------
abr. 05, 2025 9:18:26 PM liquibase.util
INFO: Total change sets:            4
abr. 05, 2025 9:18:26 PM liquibase.util
INFO: Update summary generated
abr. 05, 2025 9:18:26 PM liquibase.command
INFO: Update command completed successfully.
Liquibase: Update has been successful. Rows affected: 4
abr. 05, 2025 9:18:26 PM liquibase.lockservice
INFO: Successfully released change log lock
abr. 05, 2025 9:18:26 PM liquibase.command
INFO: Command execution complete
